TN:
SF:background.js
FN:35,isDuplicate
FN:54,(anonymous_1)
FN:76,(anonymous_2)
FN:94,(anonymous_3)
FN:120,onEvent
FN:143,ensureOffscreen
FN:166,runEmbeddingBatch
FN:200,onEmbedDone
FN:216,handleSearch
FN:232,(anonymous_9)
FN:255,(anonymous_10)
FN:267,getQueryEmbedding
FN:268,(anonymous_12)
FN:271,(anonymous_13)
FN:287,(anonymous_14)
FN:297,keywordSearch
FN:299,(anonymous_16)
FN:305,(anonymous_17)
FN:351,(anonymous_18)
FN:353,(anonymous_19)
FN:361,buildSemanticReason
FN:394,(anonymous_21)
FN:396,(anonymous_22)
FN:407,getStats
FN:425,openAndHighlight
FN:426,(anonymous_25)
FN:430,(anonymous_26)
FN:435,(anonymous_27)
FN:439,(anonymous_28)
FN:441,(anonymous_29)
FN:445,(anonymous_30)
FN:455,(anonymous_31)
FN:466,getTopicClusters
FN:471,(anonymous_33)
FN:483,(anonymous_34)
FN:487,(anonymous_35)
FN:495,(anonymous_36)
FN:496,(anonymous_37)
FN:498,(anonymous_38)
FN:504,(anonymous_39)
FN:513,(anonymous_40)
FN:523,(anonymous_41)
FN:529,pickClusterLabel
FN:539,(anonymous_43)
FN:541,(anonymous_44)
FN:551,(anonymous_45)
FN:553,(anonymous_46)
FN:562,kMeans
FN:571,(anonymous_48)
FN:577,(anonymous_49)
FN:603,(anonymous_50)
FN:614,(anonymous_51)
FN:616,(anonymous_52)
FN:634,(anonymous_53)
FN:639,(anonymous_54)
FNF:55
FNH:22
FNDA:309,isDuplicate
FNDA:0,(anonymous_1)
FNDA:0,(anonymous_2)
FNDA:0,(anonymous_3)
FNDA:3,onEvent
FNDA:3,ensureOffscreen
FNDA:0,runEmbeddingBatch
FNDA:0,onEmbedDone
FNDA:0,handleSearch
FNDA:0,(anonymous_9)
FNDA:0,(anonymous_10)
FNDA:0,getQueryEmbedding
FNDA:0,(anonymous_12)
FNDA:0,(anonymous_13)
FNDA:0,(anonymous_14)
FNDA:3,keywordSearch
FNDA:6,(anonymous_16)
FNDA:0,(anonymous_17)
FNDA:0,(anonymous_18)
FNDA:0,(anonymous_19)
FNDA:20,buildSemanticReason
FNDA:31,(anonymous_21)
FNDA:29,(anonymous_22)
FNDA:1,getStats
FNDA:3,openAndHighlight
FNDA:3,(anonymous_25)
FNDA:0,(anonymous_26)
FNDA:0,(anonymous_27)
FNDA:0,(anonymous_28)
FNDA:0,(anonymous_29)
FNDA:0,(anonymous_30)
FNDA:0,(anonymous_31)
FNDA:0,getTopicClusters
FNDA:0,(anonymous_33)
FNDA:0,(anonymous_34)
FNDA:0,(anonymous_35)
FNDA:0,(anonymous_36)
FNDA:0,(anonymous_37)
FNDA:0,(anonymous_38)
FNDA:0,(anonymous_39)
FNDA:0,(anonymous_40)
FNDA:0,(anonymous_41)
FNDA:7,pickClusterLabel
FNDA:12,(anonymous_43)
FNDA:39,(anonymous_44)
FNDA:15,(anonymous_45)
FNDA:11,(anonymous_46)
FNDA:5,kMeans
FNDA:12,(anonymous_48)
FNDA:107,(anonymous_49)
FNDA:17,(anonymous_50)
FNDA:17,(anonymous_51)
FNDA:34,(anonymous_52)
FNDA:0,(anonymous_53)
FNDA:0,(anonymous_54)
DA:19,41
DA:24,41
DA:25,41
DA:33,41
DA:36,309
DA:37,309
DA:38,309
DA:39,308
DA:42,308
DA:43,1
DA:44,1
DA:45,301
DA:48,308
DA:54,41
DA:57,0
DA:58,0
DA:59,0
DA:63,0
DA:64,0
DA:65,0
DA:69,0
DA:70,0
DA:71,0
DA:75,0
DA:76,0
DA:77,0
DA:81,0
DA:82,0
DA:83,0
DA:87,0
DA:88,0
DA:89,0
DA:93,0
DA:94,0
DA:95,0
DA:99,0
DA:100,0
DA:101,0
DA:105,0
DA:106,0
DA:107,0
DA:111,0
DA:113,0
DA:121,3
DA:123,3
DA:124,2
DA:127,1
DA:129,1
DA:130,1
DA:132,0
DA:144,3
DA:145,3
DA:148,3
DA:150,2
DA:155,1
DA:157,1
DA:158,0
DA:167,0
DA:168,0
DA:170,0
DA:171,0
DA:173,0
DA:175,0
DA:177,0
DA:181,0
DA:183,0
DA:184,0
DA:187,0
DA:195,0
DA:201,0
DA:202,0
DA:203,0
DA:204,0
DA:206,0
DA:207,0
DA:209,0
DA:217,0
DA:218,0
DA:221,0
DA:223,0
DA:225,0
DA:229,0
DA:232,0
DA:233,0
DA:235,0
DA:238,0
DA:240,0
DA:255,0
DA:257,0
DA:259,0
DA:260,0
DA:268,0
DA:269,0
DA:271,0
DA:272,0
DA:273,0
DA:274,0
DA:277,0
DA:279,0
DA:287,0
DA:288,0
DA:289,0
DA:298,3
DA:299,6
DA:300,3
DA:303,1
DA:305,1
DA:306,0
DA:307,0
DA:309,0
DA:310,0
DA:311,0
DA:313,0
DA:314,0
DA:315,0
DA:316,0
DA:317,0
DA:318,0
DA:319,0
DA:325,0
DA:328,0
DA:329,0
DA:330,0
DA:332,0
DA:333,0
DA:335,0
DA:337,0
DA:351,1
DA:352,1
DA:353,0
DA:362,20
DA:365,20
DA:366,1
DA:367,19
DA:368,16
DA:369,3
DA:370,1
DA:371,2
DA:372,1
DA:374,1
DA:378,20
DA:390,20
DA:391,20
DA:394,31
DA:395,20
DA:396,29
DA:397,20
DA:398,5
DA:401,20
DA:408,1
DA:409,1
DA:410,1
DA:426,3
DA:427,3
DA:430,1
DA:431,0
DA:432,0
DA:435,0
DA:436,0
DA:441,0
DA:442,0
DA:452,1
DA:455,1
DA:467,0
DA:470,0
DA:471,0
DA:475,0
DA:476,0
DA:480,0
DA:483,0
DA:486,0
DA:487,0
DA:488,0
DA:489,0
DA:490,0
DA:494,0
DA:495,0
DA:498,0
DA:501,0
DA:504,0
DA:505,0
DA:508,0
DA:513,0
DA:523,0
DA:525,0
DA:531,7
DA:538,7
DA:539,7
DA:540,12
DA:541,12
DA:542,39
DA:543,39
DA:544,27
DA:550,7
DA:551,15
DA:553,11
DA:555,7
DA:558,3
DA:563,5
DA:564,5
DA:567,5
DA:568,5
DA:569,12
DA:571,12
DA:573,5
DA:575,5
DA:577,11
DA:578,107
DA:579,107
DA:580,107
DA:581,351
DA:582,351
DA:583,703
DA:584,703
DA:586,351
DA:587,208
DA:588,208
DA:591,107
DA:595,11
DA:596,11
DA:597,60
DA:599,11
DA:600,11
DA:603,17
DA:604,6
DA:606,6
DA:607,65
DA:608,65
DA:609,65
DA:610,130
DA:614,6
DA:615,17
DA:616,34
DA:620,5
DA:629,41
DA:634,41
DA:635,0
DA:639,41
DA:641,41
DA:644,41
DA:645,41
LF:241
LH:115
BRDA:38,0,0,1
BRDA:38,0,1,308
BRDA:38,1,0,309
BRDA:38,1,1,1
BRDA:42,2,0,1
BRDA:42,2,1,307
BRDA:45,3,0,0
BRDA:45,3,1,301
BRDA:57,4,0,0
BRDA:57,4,1,0
BRDA:57,5,0,0
BRDA:57,5,1,0
BRDA:63,6,0,0
BRDA:63,6,1,0
BRDA:69,7,0,0
BRDA:69,7,1,0
BRDA:75,8,0,0
BRDA:75,8,1,0
BRDA:81,9,0,0
BRDA:81,9,1,0
BRDA:87,10,0,0
BRDA:87,10,1,0
BRDA:93,11,0,0
BRDA:93,11,1,0
BRDA:99,12,0,0
BRDA:99,12,1,0
BRDA:105,13,0,0
BRDA:105,13,1,0
BRDA:111,14,0,0
BRDA:111,14,1,0
BRDA:123,15,0,1
BRDA:123,15,1,2
BRDA:123,16,0,3
BRDA:123,16,1,2
BRDA:124,17,0,1
BRDA:124,17,1,1
BRDA:124,18,0,2
BRDA:124,18,1,1
BRDA:127,19,0,0
BRDA:127,19,1,1
BRDA:148,20,0,1
BRDA:148,20,1,2
BRDA:157,21,0,0
BRDA:157,21,1,1
BRDA:171,22,0,0
BRDA:171,22,1,0
BRDA:177,23,0,0
BRDA:177,23,1,0
BRDA:181,24,0,0
BRDA:181,24,1,0
BRDA:202,25,0,0
BRDA:202,25,1,0
BRDA:223,26,0,0
BRDA:223,26,1,0
BRDA:246,27,0,0
BRDA:246,27,1,0
BRDA:272,28,0,0
BRDA:272,28,1,0
BRDA:272,29,0,0
BRDA:272,29,1,0
BRDA:274,30,0,0
BRDA:274,30,1,0
BRDA:300,31,0,2
BRDA:300,31,1,1
BRDA:307,32,0,0
BRDA:307,32,1,0
BRDA:314,33,0,0
BRDA:314,33,1,0
BRDA:317,34,0,0
BRDA:317,34,1,0
BRDA:329,35,0,0
BRDA:329,35,1,0
BRDA:332,36,0,0
BRDA:332,36,1,0
BRDA:343,37,0,0
BRDA:343,37,1,0
BRDA:365,38,0,1
BRDA:365,38,1,19
BRDA:367,39,0,16
BRDA:367,39,1,3
BRDA:369,40,0,1
BRDA:369,40,1,2
BRDA:371,41,0,1
BRDA:371,41,1,1
BRDA:390,42,0,20
BRDA:390,42,1,1
BRDA:397,43,0,5
BRDA:397,43,1,15
BRDA:412,44,0,0
BRDA:412,44,1,1
BRDA:427,45,0,2
BRDA:427,45,1,1
BRDA:427,46,0,3
BRDA:427,46,1,1
BRDA:431,47,0,0
BRDA:431,47,1,0
BRDA:431,48,0,0
BRDA:431,48,1,0
BRDA:471,49,0,0
BRDA:471,49,1,0
BRDA:475,50,0,0
BRDA:475,50,1,0
BRDA:489,51,0,0
BRDA:489,51,1,0
BRDA:540,52,0,12
BRDA:540,52,1,2
BRDA:543,53,0,27
BRDA:543,53,1,12
BRDA:543,54,0,39
BRDA:543,54,1,34
BRDA:544,55,0,27
BRDA:544,55,1,19
BRDA:555,56,0,4
BRDA:555,56,1,3
BRDA:558,57,0,3
BRDA:558,57,1,2
BRDA:586,58,0,208
BRDA:586,58,1,143
BRDA:597,59,0,6
BRDA:597,59,1,54
BRDA:600,60,0,5
BRDA:600,60,1,6
BRDA:615,61,0,0
BRDA:615,61,1,17
BRDA:635,62,0,0
BRDA:635,62,1,0
BRDA:644,63,0,41
BRDA:644,63,1,0
BRF:128
BRH:58
end_of_record
TN:
SF:content.js
FN:38,send
FN:48,(anonymous_1)
FN:61,extractPageText
FN:66,(anonymous_3)
FN:76,getContext
FN:93,describe
FN:107,(anonymous_6)
FN:125,(anonymous_7)
FN:149,(anonymous_8)
FN:150,(anonymous_9)
FN:173,(anonymous_10)
FN:187,(anonymous_11)
FN:227,isGoogleSheets
FN:235,(anonymous_13)
FN:238,(anonymous_14)
FN:244,(anonymous_15)
FN:260,(anonymous_16)
FN:266,(anonymous_17)
FN:282,(anonymous_18)
FN:287,(anonymous_19)
FN:302,(anonymous_20)
FN:308,(anonymous_21)
FN:317,(anonymous_22)
FN:329,(anonymous_23)
FN:343,(anonymous_24)
FN:351,highlightTerms
FN:356,(anonymous_26)
FN:358,(anonymous_27)
FN:440,(anonymous_28)
FN:492,showHighlightBar
FN:517,(anonymous_30)
FN:518,(anonymous_31)
FN:519,(anonymous_32)
FN:525,navigateHighlight
FN:540,removeHighlights
FN:541,(anonymous_35)
FN:552,walkTextNodes
FN:554,(anonymous_37)
FN:582,escapeRegex
FNF:39
FNH:16
FNDA:1,send
FNDA:0,(anonymous_1)
FNDA:8,extractPageText
FNDA:4,(anonymous_3)
FNDA:5,getContext
FNDA:7,describe
FNDA:0,(anonymous_6)
FNDA:0,(anonymous_7)
FNDA:0,(anonymous_8)
FNDA:0,(anonymous_9)
FNDA:0,(anonymous_10)
FNDA:0,(anonymous_11)
FNDA:38,isGoogleSheets
FNDA:0,(anonymous_13)
FNDA:0,(anonymous_14)
FNDA:0,(anonymous_15)
FNDA:0,(anonymous_16)
FNDA:0,(anonymous_17)
FNDA:0,(anonymous_18)
FNDA:0,(anonymous_19)
FNDA:0,(anonymous_20)
FNDA:0,(anonymous_21)
FNDA:0,(anonymous_22)
FNDA:0,(anonymous_23)
FNDA:0,(anonymous_24)
FNDA:5,highlightTerms
FNDA:13,(anonymous_26)
FNDA:10,(anonymous_27)
FNDA:2,(anonymous_28)
FNDA:2,showHighlightBar
FNDA:0,(anonymous_30)
FNDA:0,(anonymous_31)
FNDA:0,(anonymous_32)
FNDA:0,navigateHighlight
FNDA:4,removeHighlights
FNDA:1,(anonymous_35)
FNDA:5,walkTextNodes
FNDA:9,(anonymous_37)
FNDA:15,escapeRegex
DA:23,37
DA:39,1
DA:62,8
DA:65,8
DA:66,8
DA:69,8
DA:70,8
DA:78,5
DA:81,5
DA:82,2
DA:85,5
DA:94,7
DA:95,7
DA:97,7
DA:100,7
DA:101,7
DA:107,37
DA:108,0
DA:109,0
DA:110,0
DA:123,37
DA:126,0
DA:127,0
DA:128,0
DA:130,0
DA:149,37
DA:150,0
DA:151,0
DA:152,0
DA:153,0
DA:169,37
DA:171,37
DA:174,0
DA:175,0
DA:178,0
DA:179,0
DA:182,0
DA:185,0
DA:188,0
DA:189,0
DA:193,0
DA:199,0
DA:200,0
DA:202,0
DA:213,0
DA:228,38
DA:234,37
DA:235,0
DA:238,0
DA:239,0
DA:242,0
DA:244,0
DA:245,0
DA:246,0
DA:247,0
DA:255,0
DA:256,0
DA:260,0
DA:261,0
DA:264,0
DA:266,0
DA:267,0
DA:268,0
DA:269,0
DA:277,0
DA:278,0
DA:282,0
DA:283,0
DA:284,0
DA:286,0
DA:287,0
DA:288,0
DA:289,0
DA:292,0
DA:293,0
DA:302,0
DA:303,0
DA:304,0
DA:305,0
DA:308,0
DA:309,0
DA:317,37
DA:318,0
DA:319,0
DA:329,37
DA:330,0
DA:343,37
DA:344,0
DA:345,0
DA:346,0
DA:348,0
DA:353,5
DA:356,13
DA:358,10
DA:360,5
DA:363,2
DA:366,2
DA:367,1
DA:368,1
DA:369,1
DA:433,1
DA:437,2
DA:438,2
DA:440,2
DA:441,2
DA:442,2
DA:443,2
DA:446,2
DA:447,2
DA:450,2
DA:452,4
DA:453,3
DA:457,4
DA:458,4
DA:459,4
DA:460,4
DA:461,4
DA:463,4
DA:467,2
DA:468,1
DA:472,2
DA:475,2
DA:478,2
DA:481,2
DA:482,2
DA:483,2
DA:490,37
DA:494,2
DA:495,2
DA:497,2
DA:498,2
DA:499,2
DA:513,2
DA:514,2
DA:517,2
DA:518,2
DA:519,2
DA:520,0
DA:521,0
DA:526,0
DA:527,0
DA:529,0
DA:530,0
DA:533,0
DA:534,0
DA:541,4
DA:542,1
DA:543,1
DA:546,4
DA:553,5
DA:556,9
DA:557,9
DA:558,9
DA:559,9
DA:561,2
DA:564,7
DA:565,0
DA:568,7
DA:569,6
DA:574,5
DA:575,6
DA:576,5
DA:583,15
DA:586,37
DA:589,37
DA:590,37
LF:166
LH:92
BRDA:69,0,0,8
BRDA:69,0,1,1
BRDA:78,1,0,5
BRDA:78,1,1,1
BRDA:78,1,2,1
BRDA:78,1,3,1
BRDA:81,2,0,2
BRDA:81,2,1,3
BRDA:81,3,0,5
BRDA:81,3,1,3
BRDA:82,4,0,2
BRDA:82,4,1,1
BRDA:94,5,0,7
BRDA:94,5,1,0
BRDA:95,6,0,2
BRDA:95,6,1,5
BRDA:97,7,0,3
BRDA:97,7,1,4
BRDA:97,8,0,7
BRDA:97,8,1,3
BRDA:100,9,0,2
BRDA:100,9,1,5
BRDA:109,10,0,0
BRDA:109,10,1,0
BRDA:135,11,0,0
BRDA:135,11,1,0
BRDA:136,12,0,0
BRDA:136,12,1,0
BRDA:136,12,2,0
BRDA:152,13,0,0
BRDA:152,13,1,0
BRDA:152,14,0,0
BRDA:152,14,1,0
BRDA:175,15,0,0
BRDA:175,15,1,0
BRDA:179,16,0,0
BRDA:179,16,1,0
BRDA:179,17,0,0
BRDA:179,17,1,0
BRDA:179,18,0,0
BRDA:179,18,1,0
BRDA:182,19,0,0
BRDA:182,19,1,0
BRDA:188,20,0,0
BRDA:188,20,1,0
BRDA:189,21,0,0
BRDA:189,21,1,0
BRDA:193,22,0,0
BRDA:193,22,1,0
BRDA:193,22,2,0
BRDA:193,22,3,0
BRDA:193,22,4,0
BRDA:194,23,0,0
BRDA:194,23,1,0
BRDA:196,24,0,0
BRDA:196,24,1,0
BRDA:197,25,0,0
BRDA:197,25,1,0
BRDA:199,26,0,0
BRDA:199,26,1,0
BRDA:204,27,0,0
BRDA:204,27,1,0
BRDA:207,28,0,0
BRDA:207,28,1,0
BRDA:208,29,0,0
BRDA:208,29,1,0
BRDA:229,30,0,38
BRDA:229,30,1,0
BRDA:234,31,0,0
BRDA:234,31,1,37
BRDA:242,32,0,0
BRDA:242,32,1,0
BRDA:245,33,0,0
BRDA:245,33,1,0
BRDA:246,34,0,0
BRDA:246,34,1,0
BRDA:264,35,0,0
BRDA:264,35,1,0
BRDA:267,36,0,0
BRDA:267,36,1,0
BRDA:267,36,2,0
BRDA:268,37,0,0
BRDA:268,37,1,0
BRDA:284,38,0,0
BRDA:284,38,1,0
BRDA:288,39,0,0
BRDA:288,39,1,0
BRDA:289,40,0,0
BRDA:289,40,1,0
BRDA:292,41,0,0
BRDA:292,41,1,0
BRDA:309,42,0,0
BRDA:309,42,1,0
BRDA:318,43,0,0
BRDA:318,43,1,0
BRDA:344,44,0,0
BRDA:344,44,1,0
BRDA:344,45,0,0
BRDA:344,45,1,0
BRDA:360,46,0,3
BRDA:360,46,1,2
BRDA:366,47,0,1
BRDA:366,47,1,1
BRDA:442,48,0,0
BRDA:442,48,1,2
BRDA:452,49,0,3
BRDA:452,49,1,1
BRDA:467,50,0,1
BRDA:467,50,1,1
BRDA:475,51,0,0
BRDA:475,51,1,2
BRDA:482,52,0,2
BRDA:482,52,1,0
BRDA:495,53,0,0
BRDA:495,53,1,2
BRDA:527,54,0,0
BRDA:527,54,1,0
BRDA:534,55,0,0
BRDA:534,55,1,0
BRDA:557,56,0,0
BRDA:557,56,1,9
BRDA:559,57,0,2
BRDA:559,57,1,7
BRDA:559,58,0,9
BRDA:559,58,1,8
BRDA:559,58,2,7
BRDA:559,58,3,7
BRDA:559,58,4,7
BRDA:559,58,5,7
BRDA:564,59,0,0
BRDA:564,59,1,7
BRDA:564,60,0,7
BRDA:564,60,1,0
BRDA:564,60,2,0
BRDA:568,61,0,1
BRDA:568,61,1,6
BRDA:589,62,0,37
BRDA:589,62,1,0
BRF:138
BRH:49
end_of_record
TN:
SF:db.js
FN:34,openDB
FN:35,(anonymous_1)
FN:39,(anonymous_2)
FN:55,(anonymous_3)
FN:56,(anonymous_4)
FN:63,saveEvent
FN:65,(anonymous_6)
FN:68,(anonymous_7)
FN:69,(anonymous_8)
FN:76,updateEvent
FN:78,(anonymous_10)
FN:84,(anonymous_11)
FN:90,(anonymous_12)
FN:91,(anonymous_13)
FN:93,(anonymous_14)
FN:100,getAllEvents
FN:103,(anonymous_16)
FN:110,(anonymous_17)
FN:119,(anonymous_18)
FN:126,getUnembeddedEvents
FN:129,(anonymous_20)
FN:134,(anonymous_21)
FN:143,(anonymous_22)
FN:150,getEmbeddedEvents
FN:152,(anonymous_24)
FN:157,(anonymous_25)
FN:166,(anonymous_26)
FN:173,countEvents
FN:175,(anonymous_28)
FN:178,(anonymous_29)
FN:179,(anonymous_30)
FN:186,clearAllEvents
FN:188,(anonymous_32)
FN:191,(anonymous_33)
FN:192,(anonymous_34)
FN:212,cosineSimilarity
FNF:36
FNH:12
FNDA:6,openDB
FNDA:6,(anonymous_1)
FNDA:0,(anonymous_2)
FNDA:6,(anonymous_3)
FNDA:0,(anonymous_4)
FNDA:1,saveEvent
FNDA:1,(anonymous_6)
FNDA:1,(anonymous_7)
FNDA:0,(anonymous_8)
FNDA:0,updateEvent
FNDA:0,(anonymous_10)
FNDA:0,(anonymous_11)
FNDA:0,(anonymous_12)
FNDA:0,(anonymous_13)
FNDA:0,(anonymous_14)
FNDA:4,getAllEvents
FNDA:4,(anonymous_16)
FNDA:4,(anonymous_17)
FNDA:0,(anonymous_18)
FNDA:0,getUnembeddedEvents
FNDA:0,(anonymous_20)
FNDA:0,(anonymous_21)
FNDA:0,(anonymous_22)
FNDA:0,getEmbeddedEvents
FNDA:0,(anonymous_24)
FNDA:0,(anonymous_25)
FNDA:0,(anonymous_26)
FNDA:1,countEvents
FNDA:1,(anonymous_28)
FNDA:1,(anonymous_29)
FNDA:0,(anonymous_30)
FNDA:0,clearAllEvents
FNDA:0,(anonymous_32)
FNDA:0,(anonymous_33)
FNDA:0,(anonymous_34)
FNDA:0,cosineSimilarity
DA:27,41
DA:28,41
DA:29,41
DA:35,6
DA:36,6
DA:39,6
DA:40,0
DA:41,0
DA:42,0
DA:48,0
DA:49,0
DA:50,0
DA:51,0
DA:55,6
DA:56,6
DA:64,1
DA:65,1
DA:66,1
DA:67,1
DA:68,1
DA:69,1
DA:77,0
DA:78,0
DA:79,0
DA:80,0
DA:83,0
DA:84,0
DA:85,0
DA:88,0
DA:89,0
DA:90,0
DA:91,0
DA:93,0
DA:101,4
DA:102,4
DA:103,4
DA:104,4
DA:105,4
DA:106,4
DA:109,4
DA:110,4
DA:111,4
DA:112,4
DA:113,0
DA:114,0
DA:116,4
DA:119,4
DA:127,0
DA:128,0
DA:129,0
DA:130,0
DA:131,0
DA:133,0
DA:134,0
DA:135,0
DA:136,0
DA:137,0
DA:138,0
DA:140,0
DA:143,0
DA:151,0
DA:152,0
DA:153,0
DA:154,0
DA:156,0
DA:157,0
DA:158,0
DA:159,0
DA:160,0
DA:161,0
DA:163,0
DA:166,0
DA:174,1
DA:175,1
DA:176,1
DA:177,1
DA:178,1
DA:179,1
DA:187,0
DA:188,0
DA:189,0
DA:190,0
DA:191,0
DA:192,0
DA:213,0
DA:215,0
DA:216,0
DA:217,0
DA:219,0
DA:220,0
DA:221,0
DA:222,0
DA:225,0
DA:226,0
DA:228,0
DA:229,0
DA:233,41
DA:234,41
LF:98
LH:34
BRDA:41,0,0,0
BRDA:41,0,1,0
BRDA:85,1,0,0
BRDA:85,1,1,0
BRDA:101,2,0,4
BRDA:101,2,1,0
BRDA:112,3,0,0
BRDA:112,3,1,4
BRDA:112,4,0,4
BRDA:112,4,1,0
BRDA:127,5,0,0
BRDA:127,5,1,0
BRDA:136,6,0,0
BRDA:136,6,1,0
BRDA:136,7,0,0
BRDA:136,7,1,0
BRDA:137,8,0,0
BRDA:137,8,1,0
BRDA:159,9,0,0
BRDA:159,9,1,0
BRDA:160,10,0,0
BRDA:160,10,1,0
BRDA:160,11,0,0
BRDA:160,11,1,0
BRDA:213,12,0,0
BRDA:213,12,1,0
BRDA:213,13,0,0
BRDA:213,13,1,0
BRDA:213,13,2,0
BRDA:228,14,0,0
BRDA:228,14,1,0
BRDA:228,15,0,0
BRDA:228,15,1,0
BRDA:233,16,0,41
BRDA:233,16,1,0
BRF:35
BRH:4
end_of_record
TN:
SF:popup.js
FN:44,(anonymous_0)
FN:62,loadStats
FN:76,search
FN:122,(anonymous_3)
FN:127,(anonymous_4)
FN:138,(anonymous_5)
FN:154,resetFilterButtons
FN:155,(anonymous_7)
FN:161,renderResults
FN:167,makeCard
FN:204,(anonymous_10)
FN:221,showStatus
FN:226,hideStatus
FN:230,clearCards
FN:231,(anonymous_14)
FN:234,showEmpty
FN:250,(anonymous_16)
FN:268,(anonymous_17)
FN:269,(anonymous_18)
FN:273,(anonymous_19)
FN:294,loadTopics
FN:311,(anonymous_21)
FN:323,makeTopicCard
FN:330,(anonymous_23)
FN:331,(anonymous_24)
FN:377,(anonymous_25)
FN:391,(anonymous_26)
FN:406,timeAgo
FN:416,shortUrl
FN:428,esc
FNF:30
FNH:10
FNDA:0,(anonymous_0)
FNDA:39,loadStats
FNDA:0,search
FNDA:0,(anonymous_3)
FNDA:0,(anonymous_4)
FNDA:0,(anonymous_5)
FNDA:0,resetFilterButtons
FNDA:0,(anonymous_7)
FNDA:0,renderResults
FNDA:13,makeCard
FNDA:0,(anonymous_10)
FNDA:0,showStatus
FNDA:0,hideStatus
FNDA:0,clearCards
FNDA:0,(anonymous_14)
FNDA:0,showEmpty
FNDA:0,(anonymous_16)
FNDA:78,(anonymous_17)
FNDA:0,(anonymous_18)
FNDA:0,(anonymous_19)
FNDA:0,loadTopics
FNDA:0,(anonymous_21)
FNDA:5,makeTopicCard
FNDA:16,(anonymous_23)
FNDA:15,(anonymous_24)
FNDA:0,(anonymous_25)
FNDA:2,(anonymous_26)
FNDA:77,timeAgo
FNDA:38,shortUrl
FNDA:84,esc
DA:17,39
DA:18,39
DA:19,39
DA:20,39
DA:21,39
DA:22,39
DA:23,39
DA:24,39
DA:25,39
DA:26,39
DA:27,39
DA:28,39
DA:29,39
DA:30,39
DA:31,39
DA:32,39
DA:33,39
DA:34,39
DA:37,39
DA:38,39
DA:39,39
DA:44,39
DA:47,0
DA:48,0
DA:51,0
DA:52,0
DA:56,0
DA:62,39
DA:63,39
DA:64,39
DA:65,39
DA:66,39
DA:68,0
DA:69,0
DA:77,0
DA:78,0
DA:81,0
DA:82,0
DA:83,0
DA:84,0
DA:85,0
DA:87,0
DA:88,0
DA:90,0
DA:91,0
DA:93,0
DA:94,0
DA:95,0
DA:98,0
DA:99,0
DA:102,0
DA:108,0
DA:109,0
DA:110,0
DA:113,0
DA:114,0
DA:115,0
DA:116,0
DA:121,39
DA:122,39
DA:127,39
DA:128,0
DA:129,0
DA:131,0
DA:132,0
DA:133,0
DA:136,0
DA:139,0
DA:140,0
DA:142,0
DA:145,0
DA:146,0
DA:147,0
DA:150,0
DA:155,0
DA:162,0
DA:163,0
DA:168,13
DA:169,13
DA:172,13
DA:173,13
DA:174,13
DA:179,13
DA:182,13
DA:187,13
DA:188,13
DA:190,13
DA:204,13
DA:205,0
DA:206,0
DA:207,0
DA:215,13
DA:222,0
DA:223,0
DA:227,0
DA:231,0
DA:235,0
DA:250,39
DA:251,0
DA:252,0
DA:253,0
DA:254,0
DA:255,0
DA:256,0
DA:257,0
DA:258,0
DA:259,0
DA:261,0
DA:268,39
DA:269,78
DA:270,0
DA:273,0
DA:274,0
DA:276,0
DA:277,0
DA:278,0
DA:279,0
DA:280,0
DA:282,0
DA:283,0
DA:284,0
DA:285,0
DA:286,0
DA:295,0
DA:296,0
DA:297,0
DA:299,0
DA:300,0
DA:301,0
DA:303,0
DA:304,0
DA:305,0
DA:308,0
DA:311,0
DA:313,0
DA:314,0
DA:317,0
DA:318,0
DA:324,5
DA:325,5
DA:328,5
DA:330,16
DA:331,15
DA:335,5
DA:338,5
DA:339,5
DA:340,5
DA:349,5
DA:350,5
DA:351,5
DA:354,5
DA:355,5
DA:357,5
DA:364,5
DA:365,16
DA:366,16
DA:367,16
DA:368,16
DA:377,16
DA:378,0
DA:379,0
DA:380,0
DA:387,16
DA:391,5
DA:392,2
DA:395,5
DA:396,5
DA:397,5
DA:398,5
DA:407,77
DA:408,77
DA:409,7
DA:410,5
DA:411,3
DA:412,1
DA:417,38
DA:418,25
DA:419,25
DA:420,24
DA:421,24
DA:423,1
DA:429,84
DA:430,60
DA:435,39
DA:436,39
LF:185
LH:89
BRDA:65,0,0,39
BRDA:65,0,1,0
BRDA:66,1,0,39
BRDA:66,1,1,0
BRDA:78,2,0,0
BRDA:78,2,1,0
BRDA:93,3,0,0
BRDA:93,3,1,0
BRDA:103,4,0,0
BRDA:103,4,1,0
BRDA:122,5,0,0
BRDA:122,5,1,0
BRDA:129,6,0,0
BRDA:129,6,1,0
BRDA:136,7,0,0
BRDA:136,7,1,0
BRDA:139,8,0,0
BRDA:139,8,1,0
BRDA:146,9,0,0
BRDA:146,9,1,0
BRDA:172,10,0,3
BRDA:172,10,1,10
BRDA:173,11,0,13
BRDA:173,11,1,10
BRDA:174,12,0,3
BRDA:174,12,1,10
BRDA:179,13,0,13
BRDA:179,13,1,12
BRDA:179,14,0,12
BRDA:179,14,1,12
BRDA:187,15,0,13
BRDA:187,15,1,1
BRDA:192,16,0,13
BRDA:192,16,1,1
BRDA:199,17,0,13
BRDA:199,17,1,9
BRDA:205,18,0,0
BRDA:205,18,1,0
BRDA:251,19,0,0
BRDA:251,19,1,0
BRDA:276,20,0,0
BRDA:276,20,1,0
BRDA:286,21,0,0
BRDA:286,21,1,0
BRDA:303,22,0,0
BRDA:303,22,1,0
BRDA:335,23,0,4
BRDA:335,23,1,1
BRDA:365,24,0,16
BRDA:365,24,1,0
BRDA:371,25,0,16
BRDA:371,25,1,0
BRDA:379,26,0,0
BRDA:379,26,1,0
BRDA:408,27,0,70
BRDA:408,27,1,7
BRDA:409,28,0,2
BRDA:409,28,1,5
BRDA:410,29,0,2
BRDA:410,29,1,3
BRDA:411,30,0,2
BRDA:411,30,1,1
BRDA:417,31,0,13
BRDA:417,31,1,25
BRDA:420,32,0,14
BRDA:420,32,1,10
BRDA:429,33,0,24
BRDA:429,33,1,60
BRDA:435,34,0,39
BRDA:435,34,1,0
BRF:70
BRH:37
end_of_record
